<?xml version="1.0" encoding="UTF-8"?>
<!-- Generated by org.testng.reporters.JUnitReportReporter -->
<testsuite hostname="berkay-net.local" failures="0" tests="1" name="api.TestAccountManagementApi" time="0.007" errors="0" timestamp="29 Apr 2019 19:41:49 GMT" skipped="0">
  <testcase classname="api.TestAccountManagementApi" name="testAccountIsCreated" time="0.007"/>
</testsuite> <!-- api.TestAccountManagementApi -->
